

*******************************************************************************
Tue May 24 11:24:10 2022


FIT:    data read from "out.times.txt"
        format = z
        #datapoints = 13
        residuals are weighted equally (unit weight)

function used for fitting: f(x)
	f(x)=b+(x/a)**c
fitted parameters initialized with current variable values

iter      chisq       delta/lim  lambda   a             b            
   0 3.8942057717e+00   0.00e+00  3.08e+00    9.000000e+01   1.000000e+00
   5 3.3045347764e-02  -3.25e-04  3.08e-05    8.425028e+01   2.055180e-01

After 5 iterations the fit converged.
final sum of squares of residuals : 0.0330453
rel. change during last iteration : -3.25236e-09

degrees of freedom    (FIT_NDF)                        : 11
rms of residuals      (FIT_STDFIT) = sqrt(WSSR/ndf)    : 0.0548099
variance of residuals (reduced chisquare) = WSSR/ndf   : 0.00300412

Final set of parameters            Asymptotic Standard Error
=======================            ==========================
a               = 84.2503          +/- 0.5069       (0.6017%)
b               = 0.205518         +/- 0.03114      (15.15%)

correlation matrix of the fit parameters:
                a      b      
a               1.000 
b               0.873  1.000 


*******************************************************************************
Tue May 24 11:24:10 2022


FIT:    data read from "out.timesJ.txt"
        format = z
        #datapoints = 11
        residuals are weighted equally (unit weight)

function used for fitting: fj(x)
	fj(x)=bj+(x/aj)**cj
fitted parameters initialized with current variable values

iter      chisq       delta/lim  lambda   aj            bj           
   0 2.9034366187e+00   0.00e+00  1.91e+00    9.000000e+01   1.000000e+00
   4 8.2608286033e-03  -2.66e-02  1.91e-04    6.903891e+01   2.246471e-01

After 4 iterations the fit converged.
final sum of squares of residuals : 0.00826083
rel. change during last iteration : -2.6616e-07

degrees of freedom    (FIT_NDF)                        : 9
rms of residuals      (FIT_STDFIT) = sqrt(WSSR/ndf)    : 0.0302964
variance of residuals (reduced chisquare) = WSSR/ndf   : 0.00091787

Final set of parameters            Asymptotic Standard Error
=======================            ==========================
aj              = 69.0389          +/- 0.231        (0.3345%)
bj              = 0.224647         +/- 0.01862      (8.288%)

correlation matrix of the fit parameters:
                aj     bj     
aj              1.000 
bj              0.871  1.000 


*******************************************************************************
Tue May 24 11:24:10 2022


FIT:    data read from "out.times-nov.txt"
        format = z
        #datapoints = 13
        residuals are weighted equally (unit weight)

function used for fitting: fv(x)
	fv(x)=bv+(x/av)**cv
fitted parameters initialized with current variable values

iter      chisq       delta/lim  lambda   av            bv           
   0 2.0132634249e+01   0.00e+00  3.08e+00    9.000000e+01   1.000000e+00
   4 1.1853878230e-02  -2.80e-01  3.08e-04    1.059056e+02   2.629372e-01

After 4 iterations the fit converged.
final sum of squares of residuals : 0.0118539
rel. change during last iteration : -2.80449e-06

degrees of freedom    (FIT_NDF)                        : 11
rms of residuals      (FIT_STDFIT) = sqrt(WSSR/ndf)    : 0.0328272
variance of residuals (reduced chisquare) = WSSR/ndf   : 0.00107763

Final set of parameters            Asymptotic Standard Error
=======================            ==========================
av              = 105.906          +/- 0.7581       (0.7158%)
bv              = 0.262937         +/- 0.01865      (7.092%)

correlation matrix of the fit parameters:
                av     bv     
av              1.000 
bv              0.873  1.000 


*******************************************************************************
Tue May 24 11:24:10 2022


FIT:    data read from "out.times1.txt"
        format = z
        #datapoints = 13
        residuals are weighted equally (unit weight)

function used for fitting: f1(x)
	f1(x)=b1+(x/a1)**c1
fitted parameters initialized with current variable values

iter      chisq       delta/lim  lambda   a1            b1           
   0 5.6778988378e+01   0.00e+00  3.08e+00    9.000000e+01   1.000000e+00
  12 1.9227483978e-03  -1.19e-01  3.08e-12    1.469190e+03   2.651005e-01

After 12 iterations the fit converged.
final sum of squares of residuals : 0.00192275
rel. change during last iteration : -1.18727e-06

degrees of freedom    (FIT_NDF)                        : 11
rms of residuals      (FIT_STDFIT) = sqrt(WSSR/ndf)    : 0.013221
variance of residuals (reduced chisquare) = WSSR/ndf   : 0.000174795

Final set of parameters            Asymptotic Standard Error
=======================            ==========================
a1              = 1469.19          +/- 1.131e+04    (769.7%)
b1              = 0.2651           +/- 0.00751      (2.833%)

correlation matrix of the fit parameters:
                a1     b1     
a1              1.000 
b1              0.873  1.000 


*******************************************************************************
Tue May 24 11:24:22 2022


FIT:    data read from "out.gsl.txt"
        format = z
        #datapoints = 11
        residuals are weighted equally (unit weight)

function used for fitting: f(x)
	f(x)=b+(x/a)**c
fitted parameters initialized with current variable values

iter      chisq       delta/lim  lambda   a             b            
   0 6.2033320912e+03   0.00e+00  5.07e+01    9.000000e+01   1.000000e+00
   8 6.2175684782e-02  -5.11e-06  5.07e-07    2.412374e+02  -1.227635e-01

After 8 iterations the fit converged.
final sum of squares of residuals : 0.0621757
rel. change during last iteration : -5.11206e-11

degrees of freedom    (FIT_NDF)                        : 9
rms of residuals      (FIT_STDFIT) = sqrt(WSSR/ndf)    : 0.0831168
variance of residuals (reduced chisquare) = WSSR/ndf   : 0.00690841

Final set of parameters            Asymptotic Standard Error
=======================            ==========================
a               = 241.237          +/- 4.707        (1.951%)
b               = -0.122764        +/- 0.07261      (59.14%)

correlation matrix of the fit parameters:
                a      b      
a               1.000 
b               0.939  1.000 


*******************************************************************************
Tue May 24 11:29:27 2022


FIT:    data read from "out.times.txt"
        format = z
        #datapoints = 13
        residuals are weighted equally (unit weight)

function used for fitting: f(x)
	f(x)=b+(x/a)**c
fitted parameters initialized with current variable values

iter      chisq       delta/lim  lambda   a             b            
   0 4.0178784466e+00   0.00e+00  3.08e+00    9.000000e+01   1.000000e+00
   5 2.6531191824e-02  -8.27e-04  3.08e-05    8.422130e+01   1.947294e-01

After 5 iterations the fit converged.
final sum of squares of residuals : 0.0265312
rel. change during last iteration : -8.27285e-09

degrees of freedom    (FIT_NDF)                        : 11
rms of residuals      (FIT_STDFIT) = sqrt(WSSR/ndf)    : 0.0491114
variance of residuals (reduced chisquare) = WSSR/ndf   : 0.00241193

Final set of parameters            Asymptotic Standard Error
=======================            ==========================
a               = 84.2213          +/- 0.4536       (0.5386%)
b               = 0.194729         +/- 0.0279       (14.33%)

correlation matrix of the fit parameters:
                a      b      
a               1.000 
b               0.873  1.000 


*******************************************************************************
Tue May 24 11:29:27 2022


FIT:    data read from "out.timesJ.txt"
        format = z
        #datapoints = 11
        residuals are weighted equally (unit weight)

function used for fitting: fj(x)
	fj(x)=bj+(x/aj)**cj
fitted parameters initialized with current variable values

iter      chisq       delta/lim  lambda   aj            bj           
   0 2.7989004321e+00   0.00e+00  1.91e+00    9.000000e+01   1.000000e+00
   4 1.6630774798e-02  -9.22e-03  1.91e-04    6.931330e+01   2.456269e-01

After 4 iterations the fit converged.
final sum of squares of residuals : 0.0166308
rel. change during last iteration : -9.21851e-08

degrees of freedom    (FIT_NDF)                        : 9
rms of residuals      (FIT_STDFIT) = sqrt(WSSR/ndf)    : 0.0429868
variance of residuals (reduced chisquare) = WSSR/ndf   : 0.00184786

Final set of parameters            Asymptotic Standard Error
=======================            ==========================
aj              = 69.3133          +/- 0.3329       (0.4803%)
bj              = 0.245627         +/- 0.02642      (10.76%)

correlation matrix of the fit parameters:
                aj     bj     
aj              1.000 
bj              0.871  1.000 


*******************************************************************************
Tue May 24 11:29:27 2022


FIT:    data read from "out.times-nov.txt"
        format = z
        #datapoints = 13
        residuals are weighted equally (unit weight)

function used for fitting: fv(x)
	fv(x)=bv+(x/av)**cv
fitted parameters initialized with current variable values

iter      chisq       delta/lim  lambda   av            bv           
   0 2.0407882699e+01   0.00e+00  3.08e+00    9.000000e+01   1.000000e+00
   4 1.8893623589e-02  -5.07e-02  3.08e-04    1.053186e+02   2.401692e-01

After 4 iterations the fit converged.
final sum of squares of residuals : 0.0188936
rel. change during last iteration : -5.07172e-07

degrees of freedom    (FIT_NDF)                        : 11
rms of residuals      (FIT_STDFIT) = sqrt(WSSR/ndf)    : 0.041444
variance of residuals (reduced chisquare) = WSSR/ndf   : 0.0017176

Final set of parameters            Asymptotic Standard Error
=======================            ==========================
av              = 105.319          +/- 0.936        (0.8888%)
bv              = 0.240169         +/- 0.02354      (9.803%)

correlation matrix of the fit parameters:
                av     bv     
av              1.000 
bv              0.873  1.000 


*******************************************************************************
Tue May 24 11:29:27 2022


FIT:    data read from "out.times1.txt"
        format = z
        #datapoints = 13
        residuals are weighted equally (unit weight)

function used for fitting: f1(x)
	f1(x)=b1+(x/a1)**c1
fitted parameters initialized with current variable values

iter      chisq       delta/lim  lambda   a1            b1           
   0 5.2269395840e+01   0.00e+00  3.08e+00    9.000000e+01   1.000000e+00
   8 2.8404748320e-03  -2.10e-03  3.08e-08    3.083431e+02   3.184622e-01

After 8 iterations the fit converged.
final sum of squares of residuals : 0.00284047
rel. change during last iteration : -2.10383e-08

degrees of freedom    (FIT_NDF)                        : 11
rms of residuals      (FIT_STDFIT) = sqrt(WSSR/ndf)    : 0.0160694
variance of residuals (reduced chisquare) = WSSR/ndf   : 0.000258225

Final set of parameters            Asymptotic Standard Error
=======================            ==========================
a1              = 308.343          +/- 26.67        (8.648%)
b1              = 0.318462         +/- 0.009129     (2.866%)

correlation matrix of the fit parameters:
                a1     b1     
a1              1.000 
b1              0.873  1.000 


*******************************************************************************
Tue May 24 11:30:39 2022


FIT:    data read from "out.times.txt"
        format = z
        #datapoints = 13
        residuals are weighted equally (unit weight)

function used for fitting: f(x)
	f(x)=b+(x/a)**c
fitted parameters initialized with current variable values

iter      chisq       delta/lim  lambda   a             b            
   0 4.0178784466e+00   0.00e+00  3.08e+00    9.000000e+01   1.000000e+00
   5 2.6531191824e-02  -8.27e-04  3.08e-05    8.422130e+01   1.947294e-01

After 5 iterations the fit converged.
final sum of squares of residuals : 0.0265312
rel. change during last iteration : -8.27285e-09

degrees of freedom    (FIT_NDF)                        : 11
rms of residuals      (FIT_STDFIT) = sqrt(WSSR/ndf)    : 0.0491114
variance of residuals (reduced chisquare) = WSSR/ndf   : 0.00241193

Final set of parameters            Asymptotic Standard Error
=======================            ==========================
a               = 84.2213          +/- 0.4536       (0.5386%)
b               = 0.194729         +/- 0.0279       (14.33%)

correlation matrix of the fit parameters:
                a      b      
a               1.000 
b               0.873  1.000 


*******************************************************************************
Tue May 24 11:30:39 2022


FIT:    data read from "out.timesJ.txt"
        format = z
        #datapoints = 11
        residuals are weighted equally (unit weight)

function used for fitting: fj(x)
	fj(x)=bj+(x/aj)**cj
fitted parameters initialized with current variable values

iter      chisq       delta/lim  lambda   aj            bj           
   0 2.7989004321e+00   0.00e+00  1.91e+00    9.000000e+01   1.000000e+00
   4 1.6630774798e-02  -9.22e-03  1.91e-04    6.931330e+01   2.456269e-01

After 4 iterations the fit converged.
final sum of squares of residuals : 0.0166308
rel. change during last iteration : -9.21851e-08

degrees of freedom    (FIT_NDF)                        : 9
rms of residuals      (FIT_STDFIT) = sqrt(WSSR/ndf)    : 0.0429868
variance of residuals (reduced chisquare) = WSSR/ndf   : 0.00184786

Final set of parameters            Asymptotic Standard Error
=======================            ==========================
aj              = 69.3133          +/- 0.3329       (0.4803%)
bj              = 0.245627         +/- 0.02642      (10.76%)

correlation matrix of the fit parameters:
                aj     bj     
aj              1.000 
bj              0.871  1.000 


*******************************************************************************
Tue May 24 11:30:39 2022


FIT:    data read from "out.times-nov.txt"
        format = z
        #datapoints = 13
        residuals are weighted equally (unit weight)

function used for fitting: fv(x)
	fv(x)=bv+(x/av)**cv
fitted parameters initialized with current variable values

iter      chisq       delta/lim  lambda   av            bv           
   0 2.0407882699e+01   0.00e+00  3.08e+00    9.000000e+01   1.000000e+00
   4 1.8893623589e-02  -5.07e-02  3.08e-04    1.053186e+02   2.401692e-01

After 4 iterations the fit converged.
final sum of squares of residuals : 0.0188936
rel. change during last iteration : -5.07172e-07

degrees of freedom    (FIT_NDF)                        : 11
rms of residuals      (FIT_STDFIT) = sqrt(WSSR/ndf)    : 0.041444
variance of residuals (reduced chisquare) = WSSR/ndf   : 0.0017176

Final set of parameters            Asymptotic Standard Error
=======================            ==========================
av              = 105.319          +/- 0.936        (0.8888%)
bv              = 0.240169         +/- 0.02354      (9.803%)

correlation matrix of the fit parameters:
                av     bv     
av              1.000 
bv              0.873  1.000 


*******************************************************************************
Tue May 24 11:30:39 2022


FIT:    data read from "out.times1.txt"
        format = z
        #datapoints = 13
        residuals are weighted equally (unit weight)

function used for fitting: f1(x)
	f1(x)=b1+(x/a1)**c1
fitted parameters initialized with current variable values

iter      chisq       delta/lim  lambda   a1            b1           
   0 5.2269395840e+01   0.00e+00  3.08e+00    9.000000e+01   1.000000e+00
   8 2.8404748320e-03  -2.10e-03  3.08e-08    3.083431e+02   3.184622e-01

After 8 iterations the fit converged.
final sum of squares of residuals : 0.00284047
rel. change during last iteration : -2.10383e-08

degrees of freedom    (FIT_NDF)                        : 11
rms of residuals      (FIT_STDFIT) = sqrt(WSSR/ndf)    : 0.0160694
variance of residuals (reduced chisquare) = WSSR/ndf   : 0.000258225

Final set of parameters            Asymptotic Standard Error
=======================            ==========================
a1              = 308.343          +/- 26.67        (8.648%)
b1              = 0.318462         +/- 0.009129     (2.866%)

correlation matrix of the fit parameters:
                a1     b1     
a1              1.000 
b1              0.873  1.000 


*******************************************************************************
Tue May 24 11:30:39 2022


FIT:    data read from "out.gsl.txt"
        format = z
        #datapoints = 11
        residuals are weighted equally (unit weight)

function used for fitting: f(x)
	f(x)=b+(x/a)**c
fitted parameters initialized with current variable values

iter      chisq       delta/lim  lambda   a             b            
   0 6.2033320912e+03   0.00e+00  5.07e+01    9.000000e+01   1.000000e+00
   8 6.2175684782e-02  -5.11e-06  5.07e-07    2.412374e+02  -1.227635e-01

After 8 iterations the fit converged.
final sum of squares of residuals : 0.0621757
rel. change during last iteration : -5.11206e-11

degrees of freedom    (FIT_NDF)                        : 9
rms of residuals      (FIT_STDFIT) = sqrt(WSSR/ndf)    : 0.0831168
variance of residuals (reduced chisquare) = WSSR/ndf   : 0.00690841

Final set of parameters            Asymptotic Standard Error
=======================            ==========================
a               = 241.237          +/- 4.707        (1.951%)
b               = -0.122764        +/- 0.07261      (59.14%)

correlation matrix of the fit parameters:
                a      b      
a               1.000 
b               0.939  1.000 


*******************************************************************************
Tue May 24 11:31:57 2022


FIT:    data read from "out.times.txt"
        format = z
        #datapoints = 13
        residuals are weighted equally (unit weight)

function used for fitting: f(x)
	f(x)=b+(x/a)**c
fitted parameters initialized with current variable values

iter      chisq       delta/lim  lambda   a             b            
   0 4.0178784466e+00   0.00e+00  3.08e+00    9.000000e+01   1.000000e+00
   5 2.6531191824e-02  -8.27e-04  3.08e-05    8.422130e+01   1.947294e-01

After 5 iterations the fit converged.
final sum of squares of residuals : 0.0265312
rel. change during last iteration : -8.27285e-09

degrees of freedom    (FIT_NDF)                        : 11
rms of residuals      (FIT_STDFIT) = sqrt(WSSR/ndf)    : 0.0491114
variance of residuals (reduced chisquare) = WSSR/ndf   : 0.00241193

Final set of parameters            Asymptotic Standard Error
=======================            ==========================
a               = 84.2213          +/- 0.4536       (0.5386%)
b               = 0.194729         +/- 0.0279       (14.33%)

correlation matrix of the fit parameters:
                a      b      
a               1.000 
b               0.873  1.000 


*******************************************************************************
Tue May 24 11:31:57 2022


FIT:    data read from "out.timesJ.txt"
        format = z
        #datapoints = 11
        residuals are weighted equally (unit weight)

function used for fitting: fj(x)
	fj(x)=bj+(x/aj)**cj
fitted parameters initialized with current variable values

iter      chisq       delta/lim  lambda   aj            bj           
   0 2.7989004321e+00   0.00e+00  1.91e+00    9.000000e+01   1.000000e+00
   4 1.6630774798e-02  -9.22e-03  1.91e-04    6.931330e+01   2.456269e-01

After 4 iterations the fit converged.
final sum of squares of residuals : 0.0166308
rel. change during last iteration : -9.21851e-08

degrees of freedom    (FIT_NDF)                        : 9
rms of residuals      (FIT_STDFIT) = sqrt(WSSR/ndf)    : 0.0429868
variance of residuals (reduced chisquare) = WSSR/ndf   : 0.00184786

Final set of parameters            Asymptotic Standard Error
=======================            ==========================
aj              = 69.3133          +/- 0.3329       (0.4803%)
bj              = 0.245627         +/- 0.02642      (10.76%)

correlation matrix of the fit parameters:
                aj     bj     
aj              1.000 
bj              0.871  1.000 


*******************************************************************************
Tue May 24 11:31:57 2022


FIT:    data read from "out.times-nov.txt"
        format = z
        #datapoints = 13
        residuals are weighted equally (unit weight)

function used for fitting: fv(x)
	fv(x)=bv+(x/av)**cv
fitted parameters initialized with current variable values

iter      chisq       delta/lim  lambda   av            bv           
   0 2.0407882699e+01   0.00e+00  3.08e+00    9.000000e+01   1.000000e+00
   4 1.8893623589e-02  -5.07e-02  3.08e-04    1.053186e+02   2.401692e-01

After 4 iterations the fit converged.
final sum of squares of residuals : 0.0188936
rel. change during last iteration : -5.07172e-07

degrees of freedom    (FIT_NDF)                        : 11
rms of residuals      (FIT_STDFIT) = sqrt(WSSR/ndf)    : 0.041444
variance of residuals (reduced chisquare) = WSSR/ndf   : 0.0017176

Final set of parameters            Asymptotic Standard Error
=======================            ==========================
av              = 105.319          +/- 0.936        (0.8888%)
bv              = 0.240169         +/- 0.02354      (9.803%)

correlation matrix of the fit parameters:
                av     bv     
av              1.000 
bv              0.873  1.000 


*******************************************************************************
Tue May 24 11:31:57 2022


FIT:    data read from "out.times1.txt"
        format = z
        #datapoints = 11
        residuals are weighted equally (unit weight)

function used for fitting: f1(x)
	f1(x)=b1+(x/a1)**c1
fitted parameters initialized with current variable values

iter      chisq       delta/lim  lambda   a1            b1           
   0 1.0854773715e+02   0.00e+00  5.44e+00    9.000000e+01   1.000000e+00
   9 3.5882675247e-03  -1.31e-07  5.44e-09    3.687768e+02   3.336563e-01

After 9 iterations the fit converged.
final sum of squares of residuals : 0.00358827
rel. change during last iteration : -1.31158e-12

degrees of freedom    (FIT_NDF)                        : 9
rms of residuals      (FIT_STDFIT) = sqrt(WSSR/ndf)    : 0.0199674
variance of residuals (reduced chisquare) = WSSR/ndf   : 0.000398696

Final set of parameters            Asymptotic Standard Error
=======================            ==========================
a1              = 368.777          +/- 55.34        (15.01%)
b1              = 0.333656         +/- 0.01664      (4.987%)

correlation matrix of the fit parameters:
                a1     b1     
a1              1.000 
b1              0.932  1.000 


*******************************************************************************
Tue May 24 11:31:57 2022


FIT:    data read from "out.gsl.txt"
        format = z
        #datapoints = 11
        residuals are weighted equally (unit weight)

function used for fitting: f(x)
	f(x)=b+(x/a)**c
fitted parameters initialized with current variable values

iter      chisq       delta/lim  lambda   a             b            
   0 6.2033320912e+03   0.00e+00  5.07e+01    9.000000e+01   1.000000e+00
   8 6.2175684782e-02  -5.11e-06  5.07e-07    2.412374e+02  -1.227635e-01

After 8 iterations the fit converged.
final sum of squares of residuals : 0.0621757
rel. change during last iteration : -5.11206e-11

degrees of freedom    (FIT_NDF)                        : 9
rms of residuals      (FIT_STDFIT) = sqrt(WSSR/ndf)    : 0.0831168
variance of residuals (reduced chisquare) = WSSR/ndf   : 0.00690841

Final set of parameters            Asymptotic Standard Error
=======================            ==========================
a               = 241.237          +/- 4.707        (1.951%)
b               = -0.122764        +/- 0.07261      (59.14%)

correlation matrix of the fit parameters:
                a      b      
a               1.000 
b               0.939  1.000 


*******************************************************************************
Tue May 24 11:33:29 2022


FIT:    data read from "out.times.txt"
        format = z
        #datapoints = 13
        residuals are weighted equally (unit weight)

function used for fitting: f(x)
	f(x)=b+(x/a)**c
fitted parameters initialized with current variable values

iter      chisq       delta/lim  lambda   a             b            
   0 4.0178784466e+00   0.00e+00  3.08e+00    9.000000e+01   1.000000e+00
   5 2.6531191824e-02  -8.27e-04  3.08e-05    8.422130e+01   1.947294e-01

After 5 iterations the fit converged.
final sum of squares of residuals : 0.0265312
rel. change during last iteration : -8.27285e-09

degrees of freedom    (FIT_NDF)                        : 11
rms of residuals      (FIT_STDFIT) = sqrt(WSSR/ndf)    : 0.0491114
variance of residuals (reduced chisquare) = WSSR/ndf   : 0.00241193

Final set of parameters            Asymptotic Standard Error
=======================            ==========================
a               = 84.2213          +/- 0.4536       (0.5386%)
b               = 0.194729         +/- 0.0279       (14.33%)

correlation matrix of the fit parameters:
                a      b      
a               1.000 
b               0.873  1.000 


*******************************************************************************
Tue May 24 11:33:29 2022


FIT:    data read from "out.timesJ.txt"
        format = z
        #datapoints = 11
        residuals are weighted equally (unit weight)

function used for fitting: fj(x)
	fj(x)=bj+(x/aj)**cj
fitted parameters initialized with current variable values

iter      chisq       delta/lim  lambda   aj            bj           
   0 2.7989004321e+00   0.00e+00  1.91e+00    9.000000e+01   1.000000e+00
   4 1.6630774798e-02  -9.22e-03  1.91e-04    6.931330e+01   2.456269e-01

After 4 iterations the fit converged.
final sum of squares of residuals : 0.0166308
rel. change during last iteration : -9.21851e-08

degrees of freedom    (FIT_NDF)                        : 9
rms of residuals      (FIT_STDFIT) = sqrt(WSSR/ndf)    : 0.0429868
variance of residuals (reduced chisquare) = WSSR/ndf   : 0.00184786

Final set of parameters            Asymptotic Standard Error
=======================            ==========================
aj              = 69.3133          +/- 0.3329       (0.4803%)
bj              = 0.245627         +/- 0.02642      (10.76%)

correlation matrix of the fit parameters:
                aj     bj     
aj              1.000 
bj              0.871  1.000 


*******************************************************************************
Tue May 24 11:33:29 2022


FIT:    data read from "out.times-nov.txt"
        format = z
        #datapoints = 13
        residuals are weighted equally (unit weight)

function used for fitting: fv(x)
	fv(x)=bv+(x/av)**cv
fitted parameters initialized with current variable values

iter      chisq       delta/lim  lambda   av            bv           
   0 2.0407882699e+01   0.00e+00  3.08e+00    9.000000e+01   1.000000e+00
   4 1.8893623589e-02  -5.07e-02  3.08e-04    1.053186e+02   2.401692e-01

After 4 iterations the fit converged.
final sum of squares of residuals : 0.0188936
rel. change during last iteration : -5.07172e-07

degrees of freedom    (FIT_NDF)                        : 11
rms of residuals      (FIT_STDFIT) = sqrt(WSSR/ndf)    : 0.041444
variance of residuals (reduced chisquare) = WSSR/ndf   : 0.0017176

Final set of parameters            Asymptotic Standard Error
=======================            ==========================
av              = 105.319          +/- 0.936        (0.8888%)
bv              = 0.240169         +/- 0.02354      (9.803%)

correlation matrix of the fit parameters:
                av     bv     
av              1.000 
bv              0.873  1.000 


*******************************************************************************
Tue May 24 11:33:29 2022


FIT:    data read from "out.times1.txt"
        format = z
        #datapoints = 11
        residuals are weighted equally (unit weight)

function used for fitting: f1(x)
	f1(x)=b1+(x/a1)**c1
fitted parameters initialized with current variable values

iter      chisq       delta/lim  lambda   a1            b1           
   0 1.0854773715e+02   0.00e+00  5.44e+00    9.000000e+01   1.000000e+00
   9 3.5882675247e-03  -1.31e-07  5.44e-09    3.687768e+02   3.336563e-01

After 9 iterations the fit converged.
final sum of squares of residuals : 0.00358827
rel. change during last iteration : -1.31158e-12

degrees of freedom    (FIT_NDF)                        : 9
rms of residuals      (FIT_STDFIT) = sqrt(WSSR/ndf)    : 0.0199674
variance of residuals (reduced chisquare) = WSSR/ndf   : 0.000398696

Final set of parameters            Asymptotic Standard Error
=======================            ==========================
a1              = 368.777          +/- 55.34        (15.01%)
b1              = 0.333656         +/- 0.01664      (4.987%)

correlation matrix of the fit parameters:
                a1     b1     
a1              1.000 
b1              0.932  1.000 


*******************************************************************************
Tue May 24 11:33:30 2022


FIT:    data read from "out.gsl.txt"
        format = z
        #datapoints = 11
        residuals are weighted equally (unit weight)

function used for fitting: f(x)
	f(x)=b+(x/a)**c
fitted parameters initialized with current variable values

iter      chisq       delta/lim  lambda   a             b            
   0 6.2033320912e+03   0.00e+00  5.07e+01    9.000000e+01   1.000000e+00
   8 6.2175684782e-02  -5.11e-06  5.07e-07    2.412374e+02  -1.227635e-01

After 8 iterations the fit converged.
final sum of squares of residuals : 0.0621757
rel. change during last iteration : -5.11206e-11

degrees of freedom    (FIT_NDF)                        : 9
rms of residuals      (FIT_STDFIT) = sqrt(WSSR/ndf)    : 0.0831168
variance of residuals (reduced chisquare) = WSSR/ndf   : 0.00690841

Final set of parameters            Asymptotic Standard Error
=======================            ==========================
a               = 241.237          +/- 4.707        (1.951%)
b               = -0.122764        +/- 0.07261      (59.14%)

correlation matrix of the fit parameters:
                a      b      
a               1.000 
b               0.939  1.000 


*******************************************************************************
Tue May 24 11:33:57 2022


FIT:    data read from "out.times.txt"
        format = z
        #datapoints = 13
        residuals are weighted equally (unit weight)

function used for fitting: f(x)
	f(x)=b+(x/a)**c
fitted parameters initialized with current variable values

iter      chisq       delta/lim  lambda   a             b            
   0 4.0178784466e+00   0.00e+00  3.08e+00    9.000000e+01   1.000000e+00
   5 2.6531191824e-02  -8.27e-04  3.08e-05    8.422130e+01   1.947294e-01

After 5 iterations the fit converged.
final sum of squares of residuals : 0.0265312
rel. change during last iteration : -8.27285e-09

degrees of freedom    (FIT_NDF)                        : 11
rms of residuals      (FIT_STDFIT) = sqrt(WSSR/ndf)    : 0.0491114
variance of residuals (reduced chisquare) = WSSR/ndf   : 0.00241193

Final set of parameters            Asymptotic Standard Error
=======================            ==========================
a               = 84.2213          +/- 0.4536       (0.5386%)
b               = 0.194729         +/- 0.0279       (14.33%)

correlation matrix of the fit parameters:
                a      b      
a               1.000 
b               0.873  1.000 


*******************************************************************************
Tue May 24 11:33:57 2022


FIT:    data read from "out.timesJ.txt"
        format = z
        #datapoints = 11
        residuals are weighted equally (unit weight)

function used for fitting: fj(x)
	fj(x)=bj+(x/aj)**cj
fitted parameters initialized with current variable values

iter      chisq       delta/lim  lambda   aj            bj           
   0 2.7989004321e+00   0.00e+00  1.91e+00    9.000000e+01   1.000000e+00
   4 1.6630774798e-02  -9.22e-03  1.91e-04    6.931330e+01   2.456269e-01

After 4 iterations the fit converged.
final sum of squares of residuals : 0.0166308
rel. change during last iteration : -9.21851e-08

degrees of freedom    (FIT_NDF)                        : 9
rms of residuals      (FIT_STDFIT) = sqrt(WSSR/ndf)    : 0.0429868
variance of residuals (reduced chisquare) = WSSR/ndf   : 0.00184786

Final set of parameters            Asymptotic Standard Error
=======================            ==========================
aj              = 69.3133          +/- 0.3329       (0.4803%)
bj              = 0.245627         +/- 0.02642      (10.76%)

correlation matrix of the fit parameters:
                aj     bj     
aj              1.000 
bj              0.871  1.000 


*******************************************************************************
Tue May 24 11:33:57 2022


FIT:    data read from "out.times-nov.txt"
        format = z
        #datapoints = 13
        residuals are weighted equally (unit weight)

function used for fitting: fv(x)
	fv(x)=bv+(x/av)**cv
fitted parameters initialized with current variable values

iter      chisq       delta/lim  lambda   av            bv           
   0 2.0407882699e+01   0.00e+00  3.08e+00    9.000000e+01   1.000000e+00
   4 1.8893623589e-02  -5.07e-02  3.08e-04    1.053186e+02   2.401692e-01

After 4 iterations the fit converged.
final sum of squares of residuals : 0.0188936
rel. change during last iteration : -5.07172e-07

degrees of freedom    (FIT_NDF)                        : 11
rms of residuals      (FIT_STDFIT) = sqrt(WSSR/ndf)    : 0.041444
variance of residuals (reduced chisquare) = WSSR/ndf   : 0.0017176

Final set of parameters            Asymptotic Standard Error
=======================            ==========================
av              = 105.319          +/- 0.936        (0.8888%)
bv              = 0.240169         +/- 0.02354      (9.803%)

correlation matrix of the fit parameters:
                av     bv     
av              1.000 
bv              0.873  1.000 


*******************************************************************************
Tue May 24 11:33:57 2022


FIT:    data read from "out.times1.txt"
        format = z
        #datapoints = 11
        residuals are weighted equally (unit weight)

function used for fitting: f1(x)
	f1(x)=b1+(x/a1)**c1
fitted parameters initialized with current variable values

iter      chisq       delta/lim  lambda   a1            b1           
   0 1.0854773715e+02   0.00e+00  5.44e+00    9.000000e+01   1.000000e+00
   9 3.5882675247e-03  -1.31e-07  5.44e-09    3.687768e+02   3.336563e-01

After 9 iterations the fit converged.
final sum of squares of residuals : 0.00358827
rel. change during last iteration : -1.31158e-12

degrees of freedom    (FIT_NDF)                        : 9
rms of residuals      (FIT_STDFIT) = sqrt(WSSR/ndf)    : 0.0199674
variance of residuals (reduced chisquare) = WSSR/ndf   : 0.000398696

Final set of parameters            Asymptotic Standard Error
=======================            ==========================
a1              = 368.777          +/- 55.34        (15.01%)
b1              = 0.333656         +/- 0.01664      (4.987%)

correlation matrix of the fit parameters:
                a1     b1     
a1              1.000 
b1              0.932  1.000 


*******************************************************************************
Tue May 24 11:33:58 2022


FIT:    data read from "out.gsl.txt"
        format = z
        #datapoints = 11
        residuals are weighted equally (unit weight)

function used for fitting: f(x)
	f(x)=b+(x/a)**c
fitted parameters initialized with current variable values

iter      chisq       delta/lim  lambda   a             b            
   0 6.2033320912e+03   0.00e+00  5.07e+01    9.000000e+01   1.000000e+00
   8 6.2175684782e-02  -5.11e-06  5.07e-07    2.412374e+02  -1.227635e-01

After 8 iterations the fit converged.
final sum of squares of residuals : 0.0621757
rel. change during last iteration : -5.11206e-11

degrees of freedom    (FIT_NDF)                        : 9
rms of residuals      (FIT_STDFIT) = sqrt(WSSR/ndf)    : 0.0831168
variance of residuals (reduced chisquare) = WSSR/ndf   : 0.00690841

Final set of parameters            Asymptotic Standard Error
=======================            ==========================
a               = 241.237          +/- 4.707        (1.951%)
b               = -0.122764        +/- 0.07261      (59.14%)

correlation matrix of the fit parameters:
                a      b      
a               1.000 
b               0.939  1.000 


*******************************************************************************
Tue Jan 31 15:54:58 2023


FIT:    data read from "out.times.txt"
        format = z
BREAK: No data to fit

*******************************************************************************
Tue Jan 31 15:58:13 2023


FIT:    data read from "out.gsl.txt"
        format = z
        #datapoints = 11
        residuals are weighted equally (unit weight)

function used for fitting: f(x)
	f(x)=b+(x/a)**c
fitted parameters initialized with current variable values

iter      chisq       delta/lim  lambda   a             b            
   0 6.5699624331e+03   0.00e+00  5.07e+01    9.000000e+01   1.000000e+00
   9 7.2175900891e-03  -5.21e-05  5.07e-08    3.502337e+02   3.065810e-02

After 9 iterations the fit converged.
final sum of squares of residuals : 0.00721759
rel. change during last iteration : -5.20651e-10

degrees of freedom    (FIT_NDF)                        : 9
rms of residuals      (FIT_STDFIT) = sqrt(WSSR/ndf)    : 0.0283188
variance of residuals (reduced chisquare) = WSSR/ndf   : 0.000801954

Final set of parameters            Asymptotic Standard Error
=======================            ==========================
a               = 350.234          +/- 7.125        (2.034%)
b               = 0.0306581        +/- 0.02474      (80.69%)

correlation matrix of the fit parameters:
                a      b      
a               1.000 
b               0.939  1.000 


*******************************************************************************
Tue Jan 31 16:01:55 2023


FIT:    data read from "out.times.txt"
        format = z
BREAK: No data to fit

*******************************************************************************
Tue Jan 31 16:03:23 2023


FIT:    data read from "out.times.txt"
        format = z
        #datapoints = 13
        residuals are weighted equally (unit weight)

function used for fitting: f(x)
	f(x)=b+(x/a)**c
fitted parameters initialized with current variable values

iter      chisq       delta/lim  lambda   a             b            
   0 3.1842539626e+01   0.00e+00  3.08e+00    9.000000e+01   1.000000e+00
   5 9.8997297238e-03  -2.86e-05  3.08e-05    1.328196e+02   3.619558e-01

After 5 iterations the fit converged.
final sum of squares of residuals : 0.00989973
rel. change during last iteration : -2.85645e-10

degrees of freedom    (FIT_NDF)                        : 11
rms of residuals      (FIT_STDFIT) = sqrt(WSSR/ndf)    : 0.0299996
variance of residuals (reduced chisquare) = WSSR/ndf   : 0.000899975

Final set of parameters            Asymptotic Standard Error
=======================            ==========================
a               = 132.82           +/- 1.714        (1.29%)
b               = 0.361956         +/- 0.01704      (4.708%)

correlation matrix of the fit parameters:
                a      b      
a               1.000 
b               0.873  1.000 


*******************************************************************************
Tue Jan 31 16:03:23 2023


FIT:    data read from "out.timesJ.txt"
        format = z
        #datapoints = 11
        residuals are weighted equally (unit weight)

function used for fitting: fj(x)
	fj(x)=bj+(x/aj)**cj
fitted parameters initialized with current variable values

iter      chisq       delta/lim  lambda   aj            bj           
   0 1.0099141804e+01   0.00e+00  1.91e+00    9.000000e+01   1.000000e+00
   4 5.3690989810e-03  -5.31e-04  1.91e-04    1.072290e+02   3.558350e-01

After 4 iterations the fit converged.
final sum of squares of residuals : 0.0053691
rel. change during last iteration : -5.30698e-09

degrees of freedom    (FIT_NDF)                        : 9
rms of residuals      (FIT_STDFIT) = sqrt(WSSR/ndf)    : 0.0244247
variance of residuals (reduced chisquare) = WSSR/ndf   : 0.000596567

Final set of parameters            Asymptotic Standard Error
=======================            ==========================
aj              = 107.229          +/- 1.084        (1.01%)
bj              = 0.355835         +/- 0.01501      (4.218%)

correlation matrix of the fit parameters:
                aj     bj     
aj              1.000 
bj              0.871  1.000 


*******************************************************************************
Tue Jan 31 16:03:23 2023


FIT:    data read from "out.times-nov.txt"
        format = z
        #datapoints = 13
        residuals are weighted equally (unit weight)

function used for fitting: fv(x)
	fv(x)=bv+(x/av)**cv
fitted parameters initialized with current variable values

iter      chisq       delta/lim  lambda   av            bv           
   0 4.0906079763e+01   0.00e+00  3.08e+00    9.000000e+01   1.000000e+00
   6 6.0464551426e-03  -1.60e-04  3.08e-06    1.679633e+02   3.727208e-01

After 6 iterations the fit converged.
final sum of squares of residuals : 0.00604646
rel. change during last iteration : -1.59802e-09

degrees of freedom    (FIT_NDF)                        : 11
rms of residuals      (FIT_STDFIT) = sqrt(WSSR/ndf)    : 0.0234452
variance of residuals (reduced chisquare) = WSSR/ndf   : 0.000549678

Final set of parameters            Asymptotic Standard Error
=======================            ==========================
av              = 167.963          +/- 3.425        (2.039%)
bv              = 0.372721         +/- 0.01332      (3.573%)

correlation matrix of the fit parameters:
                av     bv     
av              1.000 
bv              0.873  1.000 


*******************************************************************************
Tue Jan 31 16:03:23 2023


FIT:    data read from "out.times1.txt"
        format = z
        #datapoints = 11
        residuals are weighted equally (unit weight)

function used for fitting: f1(x)
	f1(x)=b1+(x/a1)**c1
fitted parameters initialized with current variable values

iter      chisq       delta/lim  lambda   a1            b1           
   0 1.0661028074e+02   0.00e+00  5.44e+00    9.000000e+01   1.000000e+00
   9 3.6980800484e-03  -4.06e-05  5.44e-09    3.875888e+02   3.684435e-01

After 9 iterations the fit converged.
final sum of squares of residuals : 0.00369808
rel. change during last iteration : -4.0645e-10

degrees of freedom    (FIT_NDF)                        : 9
rms of residuals      (FIT_STDFIT) = sqrt(WSSR/ndf)    : 0.0202706
variance of residuals (reduced chisquare) = WSSR/ndf   : 0.000410898

Final set of parameters            Asymptotic Standard Error
=======================            ==========================
a1              = 387.589          +/- 68.55        (17.69%)
b1              = 0.368443         +/- 0.01689      (4.584%)

correlation matrix of the fit parameters:
                a1     b1     
a1              1.000 
b1              0.932  1.000 


*******************************************************************************
Sat Mar  4 17:52:03 2023


FIT:    data read from "out.times.txt"
        format = z
        #datapoints = 13
        residuals are weighted equally (unit weight)

function used for fitting: f(x)
	f(x)=b+(x/a)**c
fitted parameters initialized with current variable values

iter      chisq       delta/lim  lambda   a             b            
   0 3.1971312630e+01   0.00e+00  3.08e+00    9.000000e+01   1.000000e+00
   5 9.5744812867e-03  -8.20e-04  3.08e-05    1.360508e+02   3.902774e-01

After 5 iterations the fit converged.
final sum of squares of residuals : 0.00957448
rel. change during last iteration : -8.19581e-09

degrees of freedom    (FIT_NDF)                        : 11
rms of residuals      (FIT_STDFIT) = sqrt(WSSR/ndf)    : 0.0295027
variance of residuals (reduced chisquare) = WSSR/ndf   : 0.000870407

Final set of parameters            Asymptotic Standard Error
=======================            ==========================
a               = 136.051          +/- 1.856        (1.364%)
b               = 0.390277         +/- 0.01676      (4.294%)

correlation matrix of the fit parameters:
                a      b      
a               1.000 
b               0.873  1.000 


*******************************************************************************
Sat Mar  4 17:52:03 2023


FIT:    data read from "out.timesJ.txt"
        format = z
        #datapoints = 11
        residuals are weighted equally (unit weight)

function used for fitting: fj(x)
	fj(x)=bj+(x/aj)**cj
fitted parameters initialized with current variable values

iter      chisq       delta/lim  lambda   aj            bj           
   0 9.9382115981e+00   0.00e+00  1.91e+00    9.000000e+01   1.000000e+00
   4 6.1355207835e-03  -2.08e-05  1.91e-04    1.067767e+02   3.575901e-01

After 4 iterations the fit converged.
final sum of squares of residuals : 0.00613552
rel. change during last iteration : -2.08391e-10

degrees of freedom    (FIT_NDF)                        : 9
rms of residuals      (FIT_STDFIT) = sqrt(WSSR/ndf)    : 0.0261099
variance of residuals (reduced chisquare) = WSSR/ndf   : 0.000681725

Final set of parameters            Asymptotic Standard Error
=======================            ==========================
aj              = 106.777          +/- 1.139        (1.067%)
bj              = 0.35759          +/- 0.01605      (4.487%)

correlation matrix of the fit parameters:
                aj     bj     
aj              1.000 
bj              0.871  1.000 


*******************************************************************************
Sat Mar  4 17:52:03 2023


FIT:    data read from "out.times-nov.txt"
        format = z
        #datapoints = 13
        residuals are weighted equally (unit weight)

function used for fitting: fv(x)
	fv(x)=bv+(x/av)**cv
fitted parameters initialized with current variable values

iter      chisq       delta/lim  lambda   av            bv           
   0 4.1210459379e+01   0.00e+00  3.08e+00    9.000000e+01   1.000000e+00
   6 7.5503129017e-03  -1.38e-03  3.08e-06    1.716067e+02   3.799742e-01

After 6 iterations the fit converged.
final sum of squares of residuals : 0.00755031
rel. change during last iteration : -1.37902e-08

degrees of freedom    (FIT_NDF)                        : 11
rms of residuals      (FIT_STDFIT) = sqrt(WSSR/ndf)    : 0.0261991
variance of residuals (reduced chisquare) = WSSR/ndf   : 0.000686392

Final set of parameters            Asymptotic Standard Error
=======================            ==========================
av              = 171.607          +/- 4.171        (2.431%)
bv              = 0.379974         +/- 0.01488      (3.917%)

correlation matrix of the fit parameters:
                av     bv     
av              1.000 
bv              0.873  1.000 


*******************************************************************************
Sat Mar  4 17:52:03 2023


FIT:    data read from "out.times1.txt"
        format = z
        #datapoints = 11
        residuals are weighted equally (unit weight)

function used for fitting: f1(x)
	f1(x)=b1+(x/a1)**c1
fitted parameters initialized with current variable values

iter      chisq       delta/lim  lambda   a1            b1           
   0 1.0622131871e+02   0.00e+00  5.44e+00    9.000000e+01   1.000000e+00
   9 5.0882996039e-03  -4.49e-02  5.44e-09    4.517693e+02   3.866752e-01

After 9 iterations the fit converged.
final sum of squares of residuals : 0.0050883
rel. change during last iteration : -4.4884e-07

degrees of freedom    (FIT_NDF)                        : 9
rms of residuals      (FIT_STDFIT) = sqrt(WSSR/ndf)    : 0.0237774
variance of residuals (reduced chisquare) = WSSR/ndf   : 0.000565367

Final set of parameters            Asymptotic Standard Error
=======================            ==========================
a1              = 451.769          +/- 148.4        (32.85%)
b1              = 0.386675         +/- 0.01981      (5.124%)

correlation matrix of the fit parameters:
                a1     b1     
a1              1.000 
b1              0.932  1.000 
